mode: set
ch11/eval/check.go:13.45,16.2 2 1
ch11/eval/check.go:18.47,20.2 1 1
ch11/eval/check.go:22.47,23.39 1 0
ch11/eval/check.go:23.39,25.3 1 0
ch11/eval/check.go:26.2,26.24 1 0
ch11/eval/check.go:29.48,30.41 1 1
ch11/eval/check.go:30.41,32.3 1 0
ch11/eval/check.go:33.2,33.40 1 1
ch11/eval/check.go:33.40,35.3 1 0
ch11/eval/check.go:36.2,36.24 1 1
ch11/eval/check.go:39.46,41.9 2 1
ch11/eval/check.go:41.9,43.3 1 1
ch11/eval/check.go:44.2,44.26 1 1
ch11/eval/check.go:44.26,47.3 1 1
ch11/eval/check.go:48.2,48.29 1 1
ch11/eval/check.go:48.29,49.41 1 1
ch11/eval/check.go:49.41,51.4 1 0
ch11/eval/check.go:53.2,53.12 1 1
ch11/eval/eval.go:22.36,24.2 1 1
ch11/eval/eval.go:26.38,28.2 1 1
ch11/eval/eval.go:34.38,35.14 1 0
ch11/eval/eval.go:36.11,37.24 1 0
ch11/eval/eval.go:38.11,39.24 1 0
ch11/eval/eval.go:41.2,41.60 1 0
ch11/eval/eval.go:44.39,45.14 1 1
ch11/eval/eval.go:46.11,47.39 1 1
ch11/eval/eval.go:48.11,49.39 1 1
ch11/eval/eval.go:50.11,51.39 1 1
ch11/eval/eval.go:52.11,53.39 1 1
ch11/eval/eval.go:55.2,55.61 1 0
ch11/eval/eval.go:58.37,59.14 1 1
ch11/eval/eval.go:60.13,61.60 1 1
ch11/eval/eval.go:62.13,63.39 1 0
ch11/eval/eval.go:64.14,65.40 1 1
ch11/eval/eval.go:67.2,67.59 1 0
ch11/eval/parse.go:21.33,21.64 1 1
ch11/eval/parse.go:22.33,22.64 1 1
ch11/eval/parse.go:27.37,28.19 1 1
ch11/eval/parse.go:29.19,30.23 1 0
ch11/eval/parse.go:31.21,32.50 1 0
ch11/eval/parse.go:33.34,34.46 1 0
ch11/eval/parse.go:36.2,36.43 1 1
ch11/eval/parse.go:39.30,40.12 1 1
ch11/eval/parse.go:41.16,42.11 1 1
ch11/eval/parse.go:43.16,44.11 1 1
ch11/eval/parse.go:46.2,46.10 1 1
ch11/eval/parse.go:58.46,59.15 1 1
ch11/eval/parse.go:59.15,60.32 1 1
ch11/eval/parse.go:61.12,61.12 0 1
ch11/eval/parse.go:63.17,64.29 1 1
ch11/eval/parse.go:65.11,67.12 1 0
ch11/eval/parse.go:70.2,75.30 6 1
ch11/eval/parse.go:75.30,77.3 1 1
ch11/eval/parse.go:78.2,78.15 1 1
ch11/eval/parse.go:81.33,81.63 1 1
ch11/eval/parse.go:86.46,88.59 2 1
ch11/eval/parse.go:88.59,89.37 1 1
ch11/eval/parse.go:89.37,94.4 4 1
ch11/eval/parse.go:96.2,96.12 1 1
ch11/eval/parse.go:100.34,101.42 1 1
ch11/eval/parse.go:101.42,105.3 3 0
ch11/eval/parse.go:106.2,106.26 1 1
ch11/eval/parse.go:114.36,115.19 1 1
ch11/eval/parse.go:116.21,119.23 3 1
ch11/eval/parse.go:119.23,121.4 1 1
ch11/eval/parse.go:122.3,124.23 3 1
ch11/eval/parse.go:124.23,125.8 1 1
ch11/eval/parse.go:125.8,127.25 2 1
ch11/eval/parse.go:127.25,128.11 1 1
ch11/eval/parse.go:130.5,130.15 1 1
ch11/eval/parse.go:132.4,132.24 1 1
ch11/eval/parse.go:132.24,134.25 2 0
ch11/eval/parse.go:137.3,138.24 2 1
ch11/eval/parse.go:140.34,142.17 2 1
ch11/eval/parse.go:142.17,143.32 1 0
ch11/eval/parse.go:145.3,146.20 2 1
ch11/eval/parse.go:148.11,151.23 3 1
ch11/eval/parse.go:151.23,153.24 2 0
ch11/eval/parse.go:155.3,156.11 2 1
ch11/eval/parse.go:158.2,159.22 2 1
